<?xml version="1.0" encoding="UTF-8"?>
<testsuite xmlns:xsi="http://www.w3.org/2001/XMLSchema-instance" xsi:noNamespaceSchemaLocation="https://maven.apache.org/surefire/maven-surefire-plugin/xsd/surefire-test-report-3.0.xsd" version="3.0" name="com.game_battle.ScannerWrapperTest" time="0.053" tests="4" errors="0" skipped="0" failures="0">
  <properties>
[...]
</properties>
  <testcase name="testNextIntZero" classname="com.game_battle.ScannerWrapperTest" time="0.014"/>
  <testcase name="testNextIntMultipleValues" classname="com.game_battle.ScannerWrapperTest" time="0.007"/>
  <testcase name="testNextIntNegativeValue" classname="com.game_battle.ScannerWrapperTest" time="0.011"/>
  <testcase name="testNextInt" classname="com.game_battle.ScannerWrapperTest" time="0.002"/>
</testsuite>