<?xml version="1.0" encoding="UTF-8"?>
<testsuite xmlns:xsi="http://www.w3.org/2001/XMLSchema-instance" xsi:noNamespaceSchemaLocation="https://maven.apache.org/surefire/maven-surefire-plugin/xsd/surefire-test-report-3.0.xsd" version="3.0" name="com.game_battle.MainTest" time="1.019" tests="1" errors="0" skipped="0" failures="0">
  <properties>
[...]
</properties>
  <testcase name="testMain" classname="com.game_battle.MainTest" time="1.015">
    <system-out><![CDATA[Enter player one health: 
Enter player one strength: 
Enter player one attack: 
Enter player two health: 
Enter player two strength: 
Enter player two attack: 
]]></system-out>
    <system-err><![CDATA[Jun 08, 2024 12:17:55 AM com.game_battle.Arena takeTurn
INFO: dice 1: 5
Jun 08, 2024 12:17:55 AM com.game_battle.Arena takeTurn
INFO: dice 2: 6
Jun 08, 2024 12:17:55 AM com.game_battle.Arena takeTurn
INFO: Attacker: com.game_battle.Player@7cb8437d Defender: com.game_battle.Player@62a4417
Jun 08, 2024 12:17:55 AM com.game_battle.Arena takeTurn
INFO: Attack Damage: 40 Defense: 60 Damage: -20
Jun 08, 2024 12:17:55 AM com.game_battle.Arena takeTurn
INFO: Damage dealt: 0
Jun 08, 2024 12:17:55 AM com.game_battle.Arena takeTurn
INFO: Defenders remaining health: {0}
Jun 08, 2024 12:17:55 AM com.game_battle.Arena takeTurn
INFO: ------------------------------------------------------
Jun 08, 2024 12:17:55 AM com.game_battle.Arena takeTurn
INFO: dice 1: 3
Jun 08, 2024 12:17:55 AM com.game_battle.Arena takeTurn
INFO: dice 2: 1
Jun 08, 2024 12:17:55 AM com.game_battle.Arena takeTurn
INFO: Attacker: com.game_battle.Player@62a4417 Defender: com.game_battle.Player@7cb8437d
Jun 08, 2024 12:17:55 AM com.game_battle.Arena takeTurn
INFO: Attack Damage: 45 Defense: 5 Damage: 40
Jun 08, 2024 12:17:55 AM com.game_battle.Arena takeTurn
INFO: Damage dealt: 40
Jun 08, 2024 12:17:55 AM com.game_battle.Arena takeTurn
INFO: Defenders remaining health: {0}
Jun 08, 2024 12:17:55 AM com.game_battle.Arena takeTurn
INFO: ------------------------------------------------------
Jun 08, 2024 12:17:55 AM com.game_battle.Arena takeTurn
INFO: dice 1: 6
Jun 08, 2024 12:17:55 AM com.game_battle.Arena takeTurn
INFO: dice 2: 2
Jun 08, 2024 12:17:55 AM com.game_battle.Arena takeTurn
INFO: Attacker: com.game_battle.Player@7cb8437d Defender: com.game_battle.Player@62a4417
Jun 08, 2024 12:17:55 AM com.game_battle.Arena takeTurn
INFO: Attack Damage: 48 Defense: 20 Damage: 28
Jun 08, 2024 12:17:55 AM com.game_battle.Arena takeTurn
INFO: Damage dealt: 28
Jun 08, 2024 12:17:55 AM com.game_battle.Arena takeTurn
INFO: Defenders remaining health: {0}
Jun 08, 2024 12:17:55 AM com.game_battle.Arena takeTurn
INFO: ------------------------------------------------------
Jun 08, 2024 12:17:55 AM com.game_battle.Arena takeTurn
INFO: dice 1: 4
Jun 08, 2024 12:17:55 AM com.game_battle.Arena takeTurn
INFO: dice 2: 6
Jun 08, 2024 12:17:55 AM com.game_battle.Arena takeTurn
INFO: Attacker: com.game_battle.Player@62a4417 Defender: com.game_battle.Player@7cb8437d
Jun 08, 2024 12:17:55 AM com.game_battle.Arena takeTurn
INFO: Attack Damage: 60 Defense: 30 Damage: 30
Jun 08, 2024 12:17:55 AM com.game_battle.Arena takeTurn
INFO: Damage dealt: 30
Jun 08, 2024 12:17:55 AM com.game_battle.Arena takeTurn
INFO: Defenders remaining health: {0}
Jun 08, 2024 12:17:55 AM com.game_battle.Arena takeTurn
INFO: ------------------------------------------------------
Jun 08, 2024 12:17:55 AM com.game_battle.Arena startBattle
INFO: Player1 wins!
]]></system-err>
  </testcase>
</testsuite>